  26493 kules     20   0   14252   7824   3000 R  93,8   0,8   0:00.16 mem.bash
  26493 kules     20   0   86984  80688   3000 R  93,8   8,0   0:02.63 mem.bash
  26493 kules     20   0  158132 151856   3000 R  99,9  15,1   0:05.08 mem.bash
  26493 kules     20   0  230600 224340   3000 R  93,8  22,3   0:07.57 mem.bash
  26493 kules     20   0  301484 295232   3000 R  93,8  29,4   0:10.04 mem.bash
  26493 kules     20   0  374216 367968   3000 R  87,5  36,6   0:12.52 mem.bash
  26493 kules     20   0  447080 440700   3000 R  99,9  43,9   0:15.01 mem.bash
  26493 kules     20   0  518756 512380   3000 R  99,9  51,0   0:17.44 mem.bash
  26493 kules     20   0  589772 583520   2988 R  87,5  58,1   0:19.86 mem.bash
  26493 kules     20   0  657752 649708   1216 R  64,7  64,7   0:22.25 mem.bash
  26493 kules     20   0  720056 668040   1488 R  75,0  66,5   0:24.49 mem.bash
  26493 kules     20   0  790940 687596   1160 R  76,5  68,4   0:26.94 mem.bash
  26493 kules     20   0  860372 696596   1444 R  99,9  69,3   0:29.32 mem.bash
  26493 kules     20   0  925580 682172   1260 R  75,0  67,9   0:31.60 mem.bash
  26493 kules     20   0  986432 672980   1260 R  99,9  67,0   0:33.82 mem.bash
  26493 kules     20   0 1054016 677728   1236 R  75,0  67,4   0:36.19 mem.bash
  26493 kules     20   0 1122128 681912   1236 R  93,8  67,9   0:38.56 mem.bash
  26493 kules     20   0 1165160 697700      4 R  20,8  69,4   0:40.29 mem.bash
  26493 kules     20   0 1181396 712816      0 S   2,0  70,9   0:41.69 mem.bash
  26493 kules     20   0 1198556 729928     80 D   2,6  72,6   0:44.02 mem.bash
  26493 kules     20   0 1199876 730516      0 D   2,5  72,7   0:47.46 mem.bash
  26493 kules     20   0 1200140 730600      0 D   4,3  72,7   0:52.97 mem.bash
  26493 kules     20   0 1203176 730340      0 D   0,9  72,7   0:56.72 mem.bash
