МиБ Mem :    981,3 total,    510,5 free,    257,8 used,    213,0 buff/cache
МиБ Swap:    923,3 total,    489,9 free,    433,3 used.    578,0 avail Mem 

МиБ Mem :    981,3 total,    439,1 free,    329,1 used,    213,0 buff/cache
МиБ Swap:    923,3 total,    489,9 free,    433,3 used.    506,6 avail Mem 

МиБ Mem :    981,3 total,    370,2 free,    398,0 used,    213,0 buff/cache
МиБ Swap:    923,3 total,    489,9 free,    433,3 used.    437,7 avail Mem 

МиБ Mem :    981,3 total,    298,9 free,    469,4 used,    213,0 buff/cache
МиБ Swap:    923,3 total,    489,9 free,    433,3 used.    366,4 avail Mem 

МиБ Mem :    981,3 total,    229,0 free,    539,3 used,    213,0 buff/cache
МиБ Swap:    923,3 total,    489,9 free,    433,3 used.    296,5 avail Mem 

МиБ Mem :    981,3 total,    158,1 free,    610,2 used,    213,1 buff/cache
МиБ Swap:    923,3 total,    489,9 free,    433,3 used.    225,6 avail Mem 

МиБ Mem :    981,3 total,     86,7 free,    681,5 used,    213,1 buff/cache
МиБ Swap:    923,3 total,    489,9 free,    433,3 used.    154,2 avail Mem 

МиБ Mem :    981,3 total,     71,5 free,    751,8 used,    158,0 buff/cache
МиБ Swap:    923,3 total,    489,8 free,    433,4 used.     84,1 avail Mem 

МиБ Mem :    981,3 total,     59,4 free,    820,2 used,    101,6 buff/cache
МиБ Swap:    923,3 total,    489,3 free,    434,0 used.     38,2 avail Mem 

МиБ Mem :    981,3 total,     70,1 free,    857,2 used,     54,0 buff/cache
МиБ Swap:    923,3 total,    461,7 free,    461,6 used.     25,2 avail Mem 

МиБ Mem :    981,3 total,     70,7 free,    851,8 used,     58,7 buff/cache
МиБ Swap:    923,3 total,    397,9 free,    525,3 used.     28,1 avail Mem 

МиБ Mem :    981,3 total,     70,2 free,    864,9 used,     46,2 buff/cache
МиБ Swap:    923,3 total,    344,0 free,    579,2 used.     21,3 avail Mem 

МиБ Mem :    981,3 total,     69,9 free,    866,7 used,     44,7 buff/cache
МиБ Swap:    923,3 total,    281,4 free,    641,9 used.     20,3 avail Mem 

МиБ Mem :    981,3 total,     73,0 free,    849,8 used,     58,6 buff/cache
МиБ Swap:    923,3 total,    203,4 free,    719,8 used.     30,4 avail Mem 

МиБ Mem :    981,3 total,     67,5 free,    858,7 used,     55,1 buff/cache
МиБ Swap:    923,3 total,    144,7 free,    778,6 used.     23,2 avail Mem 

МиБ Mem :    981,3 total,     70,5 free,    863,8 used,     46,9 buff/cache
МиБ Swap:    923,3 total,     86,5 free,    836,7 used.     22,2 avail Mem 

МиБ Mem :    981,3 total,     65,6 free,    869,4 used,     46,3 buff/cache
МиБ Swap:    923,3 total,     25,7 free,    897,6 used.     16,9 avail Mem 

МиБ Mem :    981,3 total,     69,2 free,    874,6 used,     37,5 buff/cache
МиБ Swap:    923,3 total,      0,0 free,    923,3 used.     16,5 avail Mem 

МиБ Mem :    981,3 total,     61,0 free,    882,9 used,     37,4 buff/cache
МиБ Swap:    923,3 total,      0,0 free,    923,3 used.      7,7 avail Mem 

МиБ Mem :    981,3 total,     48,1 free,    896,2 used,     37,0 buff/cache
МиБ Swap:    923,3 total,      0,0 free,    923,3 used.      9,2 avail Mem 

МиБ Mem :    981,3 total,     48,1 free,    896,4 used,     36,8 buff/cache
МиБ Swap:    923,3 total,      0,0 free,    923,3 used.      9,2 avail Mem 

МиБ Mem :    981,3 total,     47,8 free,    895,6 used,     37,9 buff/cache
МиБ Swap:    923,3 total,      0,0 free,    923,3 used.      9,4 avail Mem 

МиБ Mem :    981,3 total,     47,6 free,    896,6 used,     37,1 buff/cache
МиБ Swap:    923,3 total,      0,0 free,    923,3 used.      9,1 avail Mem 

МиБ Mem :    981,3 total,    676,2 free,    192,6 used,    112,5 buff/cache
МиБ Swap:    923,3 total,    456,3 free,    467,0 used.    661,5 avail Mem 

МиБ Mem :    981,3 total,    547,4 free,    261,1 used,    172,8 buff/cache
МиБ Swap:    923,3 total,    495,3 free,    428,0 used.    573,1 avail Mem 

МиБ Mem :    981,3 total,    542,0 free,    266,0 used,    173,3 buff/cache
МиБ Swap:    923,3 total,    499,5 free,    423,7 used.    568,6 avail Mem 

МиБ Mem :    981,3 total,    470,1 free,    294,9 used,    216,3 buff/cache
МиБ Swap:    923,3 total,    502,5 free,    420,7 used.    539,6 avail Mem 

МиБ Mem :    981,3 total,    428,5 free,    321,7 used,    231,1 buff/cache
МиБ Swap:    923,3 total,    508,8 free,    414,5 used.    510,5 avail Mem 

МиБ Mem :    981,3 total,    439,9 free,    310,3 used,    231,1 buff/cache
МиБ Swap:    923,3 total,    508,8 free,    414,5 used.    521,9 avail Mem 

МиБ Mem :    981,3 total,    439,1 free,    310,5 used,    231,6 buff/cache
МиБ Swap:    923,3 total,    509,0 free,    414,2 used.    521,8 avail Mem 

