МиБ Mem :    981,3 total,    442,1 free,    278,0 used,    261,3 buff/cache
МиБ Swap:    923,3 total,    258,6 free,    664,7 used.    555,8 avail Mem 

МиБ Mem :    981,3 total,    394,8 free,    325,1 used,    261,4 buff/cache
МиБ Swap:    923,3 total,    258,6 free,    664,7 used.    508,6 avail Mem 

МиБ Mem :    981,3 total,    333,5 free,    386,4 used,    261,4 buff/cache
МиБ Swap:    923,3 total,    258,6 free,    664,7 used.    447,4 avail Mem 

МиБ Mem :    981,3 total,    284,1 free,    435,9 used,    261,4 buff/cache
МиБ Swap:    923,3 total,    258,6 free,    664,7 used.    397,9 avail Mem 

МиБ Mem :    981,3 total,    230,4 free,    489,5 used,    261,4 buff/cache
МиБ Swap:    923,3 total,    258,6 free,    664,7 used.    344,3 avail Mem 

МиБ Mem :    981,3 total,    176,8 free,    543,2 used,    261,4 buff/cache
МиБ Swap:    923,3 total,    258,6 free,    664,7 used.    290,6 avail Mem 

МиБ Mem :    981,3 total,    123,9 free,    596,1 used,    261,4 buff/cache
МиБ Swap:    923,3 total,    258,6 free,    664,7 used.    237,7 avail Mem 

МиБ Mem :    981,3 total,     63,3 free,    656,6 used,    261,4 buff/cache
МиБ Swap:    923,3 total,    258,6 free,    664,7 used.    177,2 avail Mem 

МиБ Mem :    981,3 total,     60,6 free,    711,2 used,    209,5 buff/cache
МиБ Swap:    923,3 total,    257,9 free,    665,4 used.    123,2 avail Mem 

МиБ Mem :    981,3 total,     63,8 free,    769,4 used,    148,2 buff/cache
МиБ Swap:    923,3 total,    255,2 free,    668,1 used.     65,9 avail Mem 

МиБ Mem :    981,3 total,     60,2 free,    825,8 used,     95,3 buff/cache
МиБ Swap:    923,3 total,    254,0 free,    669,3 used.     35,7 avail Mem 

МиБ Mem :    981,3 total,     70,1 free,    865,6 used,     45,7 buff/cache
МиБ Swap:    923,3 total,    234,8 free,    688,4 used.     20,9 avail Mem 

МиБ Mem :    981,3 total,     70,4 free,    866,8 used,     44,0 buff/cache
МиБ Swap:    923,3 total,    163,2 free,    760,0 used.     22,0 avail Mem 

МиБ Mem :    981,3 total,     71,9 free,    857,1 used,     52,4 buff/cache
МиБ Swap:    923,3 total,     86,6 free,    836,6 used.     27,5 avail Mem 

МиБ Mem :    981,3 total,     61,7 free,    870,7 used,     48,9 buff/cache
МиБ Swap:    923,3 total,     43,6 free,    879,7 used.     15,7 avail Mem 

МиБ Mem :    981,3 total,     51,9 free,    892,6 used,     36,8 buff/cache
МиБ Swap:    923,3 total,      0,0 free,    923,3 used.     14,2 avail Mem 

МиБ Mem :    981,3 total,    375,9 free,    515,9 used,     89,5 buff/cache
МиБ Swap:    923,3 total,     39,4 free,    883,9 used.    350,1 avail Mem 

МиБ Mem :    981,3 total,    289,7 free,    585,5 used,    106,1 buff/cache
МиБ Swap:    923,3 total,     47,4 free,    875,9 used.    272,2 avail Mem 

МиБ Mem :    981,3 total,    221,6 free,    653,5 used,    106,2 buff/cache
МиБ Swap:    923,3 total,     47,4 free,    875,9 used.    204,1 avail Mem 

МиБ Mem :    981,3 total,    153,9 free,    721,1 used,    106,4 buff/cache
МиБ Swap:    923,3 total,     47,4 free,    875,9 used.    136,5 avail Mem 

МиБ Mem :    981,3 total,     87,2 free,    787,6 used,    106,5 buff/cache
МиБ Swap:    923,3 total,     47,6 free,    875,7 used.     69,9 avail Mem 

МиБ Mem :    981,3 total,     74,4 free,    833,2 used,     73,7 buff/cache
МиБ Swap:    923,3 total,     25,3 free,    898,0 used.     40,7 avail Mem 

МиБ Mem :    981,3 total,     68,9 free,    869,6 used,     42,8 buff/cache
МиБ Swap:    923,3 total,      0,0 free,    923,3 used.     19,8 avail Mem 

МиБ Mem :    981,3 total,     47,8 free,    898,5 used,     35,0 buff/cache
МиБ Swap:    923,3 total,      0,0 free,    923,3 used.      9,3 avail Mem 

МиБ Mem :    981,3 total,     51,8 free,    894,2 used,     35,4 buff/cache
МиБ Swap:    923,3 total,      0,0 free,    923,3 used.     13,4 avail Mem 

МиБ Mem :    981,3 total,    732,6 free,    168,0 used,     80,7 buff/cache
МиБ Swap:    923,3 total,    165,1 free,    758,1 used.    702,4 avail Mem 

МиБ Mem :    981,3 total,    700,2 free,    171,1 used,    110,0 buff/cache
МиБ Swap:    923,3 total,    169,6 free,    753,6 used.    684,6 avail Mem 

МиБ Mem :    981,3 total,    699,7 free,    171,2 used,    110,4 buff/cache
МиБ Swap:    923,3 total,    169,6 free,    753,6 used.    684,4 avail Mem 

МиБ Mem :    981,3 total,    699,7 free,    171,2 used,    110,4 buff/cache
МиБ Swap:    923,3 total,    169,6 free,    753,6 used.    684,4 avail Mem 

МиБ Mem :    981,3 total,    699,5 free,    171,3 used,    110,6 buff/cache
МиБ Swap:    923,3 total,    169,9 free,    753,4 used.    684,2 avail Mem 

