
    PID USER      PR  NI    VIRT    RES    SHR S  %CPU  %MEM     TIME+ COMMAND
   8321 kules     20   0   18080  11524   2904 R  47,1   1,1   0:00.35 mem2.ba+
   8320 kules     20   0   18080  11616   3012 R  41,2   1,2   0:00.35 mem.bash
   8332 kules     20   0   11912   3660   3208 R   5,9   0,4   0:00.01 top
      1 root      20   0  167684   5952   4060 S   0,0   0,6   0:09.20 systemd
      2 root      20   0       0      0      0 S   0,0   0,0   0:00.00 kthreadd

    PID USER      PR  NI    VIRT    RES    SHR S  %CPU  %MEM     TIME+ COMMAND
   8321 kules     20   0   42368  35812   2904 R  50,0   3,6   0:01.47 mem2.ba+
   8320 kules     20   0   42104  35904   3012 R  43,8   3,6   0:01.46 mem.bash
   8344 kules     20   0   11912   3584   3132 R   6,2   0,4   0:00.01 top
      1 root      20   0  167684   5952   4060 S   0,0   0,6   0:09.20 systemd
      2 root      20   0       0      0      0 S   0,0   0,0   0:00.00 kthreadd

    PID USER      PR  NI    VIRT    RES    SHR S  %CPU  %MEM     TIME+ COMMAND
   8321 kules     20   0   73916  67492   2904 R  47,1   6,7   0:02.82 mem2.ba+
   8320 kules     20   0   73652  67320   3012 R  41,2   6,7   0:02.81 mem.bash
      1 root      20   0  167684   5952   4060 S   0,0   0,6   0:09.20 systemd
      2 root      20   0       0      0      0 S   0,0   0,0   0:00.00 kthreadd
      3 root       0 -20       0      0      0 I   0,0   0,0   0:00.00 rcu_gp

    PID USER      PR  NI    VIRT    RES    SHR S  %CPU  %MEM     TIME+ COMMAND
   8321 kules     20   0   98996  92448   2904 R  47,1   9,2   0:03.96 mem2.ba+
   8320 kules     20   0   98732  92276   3012 R  41,2   9,2   0:03.96 mem.bash
    978 kules     20   0 3664844 105396  37716 S   5,9  10,5   1:40.00 gnome-s+
   8370 kules     20   0   11912   3692   3240 R   5,9   0,4   0:00.01 top
      1 root      20   0  167684   5952   4060 S   0,0   0,6   0:09.20 systemd

    PID USER      PR  NI    VIRT    RES    SHR S  %CPU  %MEM     TIME+ COMMAND
   8320 kules     20   0  126320 119996   3012 R  33,3  11,9   0:05.23 mem.bash
   8321 kules     20   0  125792 119376   2904 R  27,8  11,9   0:05.23 mem2.ba+
    978 kules     20   0 3664844 105396  37716 S  16,7  10,5   1:40.13 gnome-s+
   8304 kules     20   0  815820  52880  39776 S  11,1   5,3   0:01.12 gnome-t+
   8382 kules     20   0   11912   3732   3276 R  11,1   0,4   0:00.02 top

    PID USER      PR  NI    VIRT    RES    SHR S  %CPU  %MEM     TIME+ COMMAND
   8320 kules     20   0  154172 147980   3012 R  41,2  14,7   0:06.47 mem.bash
   8321 kules     20   0  153380 146832   2904 R  41,2  14,6   0:06.47 mem2.ba+
      1 root      20   0  167684   5952   4060 S   0,0   0,6   0:09.21 systemd
      2 root      20   0       0      0      0 S   0,0   0,0   0:00.00 kthreadd
      3 root       0 -20       0      0      0 I   0,0   0,0   0:00.00 rcu_gp

    PID USER      PR  NI    VIRT    RES    SHR S  %CPU  %MEM     TIME+ COMMAND
   8320 kules     20   0  181892 175576   3012 R  56,2  17,5   0:07.70 mem.bash
   8321 kules     20   0  180176 173636   2904 R  50,0  17,3   0:07.70 mem2.ba+
      1 root      20   0  167684   5952   4060 S   0,0   0,6   0:09.21 systemd
      2 root      20   0       0      0      0 S   0,0   0,0   0:00.00 kthreadd
      3 root       0 -20       0      0      0 I   0,0   0,0   0:00.00 rcu_gp

    PID USER      PR  NI    VIRT    RES    SHR S  %CPU  %MEM     TIME+ COMMAND
   8320 kules     20   0  211988 205672   3012 R  47,1  20,5   0:09.01 mem.bash
   8321 kules     20   0  210800 204260   2904 R  47,1  20,3   0:09.01 mem2.ba+
   8420 kules     20   0   11912   3648   3196 R   5,9   0,4   0:00.01 top
      1 root      20   0  167684   5952   4060 S   0,0   0,6   0:09.21 systemd
      2 root      20   0       0      0      0 S   0,0   0,0   0:00.00 kthreadd

    PID USER      PR  NI    VIRT    RES    SHR S  %CPU  %MEM     TIME+ COMMAND
   8320 kules     20   0  240500 234184   3012 R  35,3  23,3   0:10.33 mem.bash
   8321 kules     20   0  239444 233036   2904 R  35,3  23,2   0:10.34 mem2.ba+
     83 root      20   0       0      0      0 S  11,8   0,0   1:45.67 kswapd0
      1 root      20   0  167684   5940   4060 S   0,0   0,6   0:09.21 systemd
      2 root      20   0       0      0      0 S   0,0   0,0   0:00.00 kthreadd

    PID USER      PR  NI    VIRT    RES    SHR S  %CPU  %MEM     TIME+ COMMAND
   8320 kules     20   0  271124 264940   3012 R  47,1  26,4   0:11.67 mem.bash
   8321 kules     20   0  270200 263792   2904 R  35,3  26,3   0:11.67 mem2.ba+
   8446 kules     20   0   11912   3732   3276 R   5,9   0,4   0:00.01 top
      1 root      20   0  167684   5788   3940 S   0,0   0,6   0:09.21 systemd
      2 root      20   0       0      0      0 S   0,0   0,0   0:00.00 kthreadd

    PID USER      PR  NI    VIRT    RES    SHR S  %CPU  %MEM     TIME+ COMMAND
   8320 kules     20   0  299768 293420   2980 R  29,4  29,2   0:12.94 mem.bash
   8321 kules     20   0  299372 292808   2880 R  29,4  29,1   0:12.95 mem2.ba+
    978 kules     20   0 3664844  82544  15288 S  23,5   8,2   1:40.49 gnome-s+
     83 root      20   0       0      0      0 S  11,8   0,0   1:45.87 kswapd0
   8458 kules     20   0   11912   3620   3168 R   5,9   0,4   0:00.01 top

    PID USER      PR  NI    VIRT    RES    SHR S  %CPU  %MEM     TIME+ COMMAND
   8320 kules     20   0  331580 324356   2156 R  43,8  32,3   0:14.20 mem.bash
   8321 kules     20   0  331844 324628   2136 R  43,8  32,3   0:14.21 mem2.ba+
     83 root      20   0       0      0      0 S   6,2   0,0   1:46.03 kswapd0
    121 root       0 -20       0      0      0 I   6,2   0,0   0:05.31 kworker+
      1 root      20   0  167684   2340    492 S   0,0   0,2   0:09.21 systemd

    PID USER      PR  NI    VIRT    RES    SHR S  %CPU  %MEM     TIME+ COMMAND
   8320 kules     20   0  366032 352492   1672 R  43,8  35,1   0:15.47 mem.bash
   8321 kules     20   0  365372 352096   1596 R  43,8  35,0   0:15.49 mem2.ba+
     83 root      20   0       0      0      0 R   6,2   0,0   1:46.25 kswapd0
   8484 kules     20   0   11912   3644   3188 R   6,2   0,4   0:00.01 top
      1 root      20   0  167684   1848      0 S   0,0   0,2   0:09.21 systemd

    PID USER      PR  NI    VIRT    RES    SHR S  %CPU  %MEM     TIME+ COMMAND
   8320 kules     20   0  399824 353812   1640 R  50,0  35,2   0:16.78 mem.bash
   8321 kules     20   0  398900 352712   1564 R  43,8  35,1   0:16.79 mem2.ba+
      1 root      20   0  167684   1348      0 S   0,0   0,1   0:09.21 systemd
      2 root      20   0       0      0      0 S   0,0   0,0   0:00.00 kthreadd
      3 root       0 -20       0      0      0 I   0,0   0,0   0:00.00 rcu_gp

    PID USER      PR  NI    VIRT    RES    SHR S  %CPU  %MEM     TIME+ COMMAND
   8321 kules     20   0  427280 354196   1796 R  41,2  35,2   0:18.07 mem2.ba+
   8320 kules     20   0  427544 354816   1896 R  35,3  35,3   0:18.06 mem.bash
     83 root      20   0       0      0      0 R  11,8   0,0   1:46.65 kswapd0
   8510 kules     20   0   11912   3580   3124 R   5,9   0,4   0:00.01 top
      1 root      20   0  167684   1340      0 S   0,0   0,1   0:09.21 systemd

    PID USER      PR  NI    VIRT    RES    SHR S  %CPU  %MEM     TIME+ COMMAND
     83 root      20   0       0      0      0 R  20,6   0,0   1:55.19 kswapd0
    260 root       0 -20       0      0      0 S   6,0   0,0   0:26.03 loop4
   1233 kules     20   0 1212464    620      0 R   2,8   0,1   1:42.97 snap-st+
    268 root       0 -20       0      0      0 S   1,1   0,0   0:07.42 loop8
     11 root      20   0       0      0      0 I   0,5   0,0   0:03.83 rcu_sch+

    PID USER      PR  NI    VIRT    RES    SHR S  %CPU  %MEM     TIME+ COMMAND
   8320 kules     20   0  472688 345360   1332 R  57,9  34,4   0:23.06 mem.bash
   8247 root      20   0  625380   7616   3996 S  10,5   0,8   0:09.60 snapd
    121 root       0 -20       0      0      0 I   5,3   0,0   0:05.97 kworker+
    978 kules     20   0 3664844  52040  13892 D   5,3   5,2   1:46.36 gnome-s+
   8534 kules     20   0   11912   3632   3180 R   5,3   0,4   0:00.02 top

    PID USER      PR  NI    VIRT    RES    SHR S  %CPU  %MEM     TIME+ COMMAND
   8320 kules     20   0  538556 411508   1644 R  99,9  41,0   0:25.67 mem.bash
      1 root      20   0  167684   1356    452 S   0,0   0,1   0:09.34 systemd
      2 root      20   0       0      0      0 S   0,0   0,0   0:00.00 kthreadd
      3 root       0 -20       0      0      0 I   0,0   0,0   0:00.00 rcu_gp
      4 root       0 -20       0      0      0 I   0,0   0,0   0:00.00 rcu_par+

    PID USER      PR  NI    VIRT    RES    SHR S  %CPU  %MEM     TIME+ COMMAND
   8320 kules     20   0  608516 481324   1644 R  93,8  47,9   0:28.31 mem.bash
      1 root      20   0  167684   1356    452 S   0,0   0,1   0:09.34 systemd
      2 root      20   0       0      0      0 S   0,0   0,0   0:00.00 kthreadd
      3 root       0 -20       0      0      0 I   0,0   0,0   0:00.00 rcu_gp
      4 root       0 -20       0      0      0 I   0,0   0,0   0:00.00 rcu_par+

    PID USER      PR  NI    VIRT    RES    SHR S  %CPU  %MEM     TIME+ COMMAND
   8320 kules     20   0  677156 550092   1644 R  93,8  54,7   0:30.97 mem.bash
      1 root      20   0  167684   1356    452 S   0,0   0,1   0:09.34 systemd
      2 root      20   0       0      0      0 S   0,0   0,0   0:00.00 kthreadd
      3 root       0 -20       0      0      0 I   0,0   0,0   0:00.00 rcu_gp
      4 root       0 -20       0      0      0 I   0,0   0,0   0:00.00 rcu_par+

    PID USER      PR  NI    VIRT    RES    SHR S  %CPU  %MEM     TIME+ COMMAND
   8320 kules     20   0  745268 618324   1644 R  99,9  61,5   0:33.62 mem.bash
      1 root      20   0  167684   1356    452 S   0,0   0,1   0:09.34 systemd
      2 root      20   0       0      0      0 S   0,0   0,0   0:00.00 kthreadd
      3 root       0 -20       0      0      0 I   0,0   0,0   0:00.00 rcu_gp
      4 root       0 -20       0      0      0 I   0,0   0,0   0:00.00 rcu_par+

    PID USER      PR  NI    VIRT    RES    SHR S  %CPU  %MEM     TIME+ COMMAND
   8320 kules     20   0  810476 661372   1644 R  87,5  65,8   0:36.12 mem.bash
      1 root      20   0  167684   1292    388 S   0,0   0,1   0:09.34 systemd
      2 root      20   0       0      0      0 S   0,0   0,0   0:00.00 kthreadd
      3 root       0 -20       0      0      0 I   0,0   0,0   0:00.00 rcu_gp
      4 root       0 -20       0      0      0 I   0,0   0,0   0:00.00 rcu_par+

    PID USER      PR  NI    VIRT    RES    SHR S  %CPU  %MEM     TIME+ COMMAND
   8320 kules     20   0  872384 697332   1368 R  82,4  69,4   0:38.60 mem.bash
     83 root      20   0       0      0      0 S   5,9   0,0   2:12.81 kswapd0
      1 root      20   0  167684   1364    504 S   0,0   0,1   0:09.34 systemd
      2 root      20   0       0      0      0 S   0,0   0,0   0:00.00 kthreadd
      3 root       0 -20       0      0      0 I   0,0   0,0   0:00.00 rcu_gp

    PID USER      PR  NI    VIRT    RES    SHR S  %CPU  %MEM     TIME+ COMMAND
     83 root      20   0       0      0      0 R  10,1   0,0   2:18.34 kswapd0
   1233 kules     20   0 1212464    560      0 R   8,7   0,1   2:00.90 snap-st+
   8247 root      20   0  625380   3728      0 S   8,7   0,4   0:12.75 snapd
    269 root       0 -20       0      0      0 S   5,8   0,0   0:15.74 loop9
    260 root       0 -20       0      0      0 S   2,9   0,0   0:33.03 loop4

    PID USER      PR  NI    VIRT    RES    SHR S  %CPU  %MEM     TIME+ COMMAND
     83 root      20   0       0      0      0 R  34,2   0,0   2:22.16 kswapd0
   1233 kules     20   0 1212464    560      0 S   8,0   0,1   2:04.51 snap-st+
    260 root       0 -20       0      0      0 S   3,5   0,0   0:33.82 loop4
   8637 kules     20   0   11912   1096    420 R   2,5   0,1   0:00.25 top
   8320 kules     20   0  928352 752032      0 D   2,0  74,8   0:42.80 mem.bash

    PID USER      PR  NI    VIRT    RES    SHR S  %CPU  %MEM     TIME+ COMMAND
     11 root      20   0       0      0      0 I   5,9   0,0   0:05.55 rcu_sch+
    978 kules     20   0 3664844  60112  19156 R   5,9   6,0   1:52.59 gnome-s+
   1233 kules     20   0 1212464   2544   1912 S   5,9   0,3   2:31.19 snap-st+
      1 root      20   0  167684   1356    740 S   0,0   0,1   0:09.82 systemd
      2 root      20   0       0      0      0 S   0,0   0,0   0:00.00 kthreadd

    PID USER      PR  NI    VIRT    RES    SHR S  %CPU  %MEM     TIME+ COMMAND
      1 root      20   0  167684   1356    740 S   0,0   0,1   0:09.82 systemd
      2 root      20   0       0      0      0 S   0,0   0,0   0:00.00 kthreadd
      3 root       0 -20       0      0      0 I   0,0   0,0   0:00.00 rcu_gp
      4 root       0 -20       0      0      0 I   0,0   0,0   0:00.00 rcu_par+
      6 root       0 -20       0      0      0 I   0,0   0,0   0:00.00 kworker+

    PID USER      PR  NI    VIRT    RES    SHR S  %CPU  %MEM     TIME+ COMMAND
      1 root      20   0  167684   1356    740 S   0,0   0,1   0:09.82 systemd
      2 root      20   0       0      0      0 S   0,0   0,0   0:00.00 kthreadd
      3 root       0 -20       0      0      0 I   0,0   0,0   0:00.00 rcu_gp
      4 root       0 -20       0      0      0 I   0,0   0,0   0:00.00 rcu_par+
      6 root       0 -20       0      0      0 I   0,0   0,0   0:00.00 kworker+

    PID USER      PR  NI    VIRT    RES    SHR S  %CPU  %MEM     TIME+ COMMAND
      1 root      20   0  167684   1356    740 S   0,0   0,1   0:09.82 systemd
      2 root      20   0       0      0      0 S   0,0   0,0   0:00.00 kthreadd
      3 root       0 -20       0      0      0 I   0,0   0,0   0:00.00 rcu_gp
      4 root       0 -20       0      0      0 I   0,0   0,0   0:00.00 rcu_par+
      6 root       0 -20       0      0      0 I   0,0   0,0   0:00.00 kworker+

    PID USER      PR  NI    VIRT    RES    SHR S  %CPU  %MEM     TIME+ COMMAND
      1 root      20   0  167684   1356    740 S   0,0   0,1   0:09.82 systemd
      2 root      20   0       0      0      0 S   0,0   0,0   0:00.00 kthreadd
      3 root       0 -20       0      0      0 I   0,0   0,0   0:00.00 rcu_gp
      4 root       0 -20       0      0      0 I   0,0   0,0   0:00.00 rcu_par+
      6 root       0 -20       0      0      0 I   0,0   0,0   0:00.00 kworker+
