   8320 kules     20   0   11744   5280   3012 R  43,8   0,5   0:00.09 mem.bash
   8320 kules     20   0   36296  30096   3012 R  33,3   3,0   0:01.20 mem.bash
   8320 kules     20   0   67316  60984   3012 R  47,1   6,1   0:02.54 mem.bash
   8320 kules     20   0   93320  86996   3012 R  44,4   8,7   0:03.71 mem.bash
   8320 kules     20   0  121700 115244   3012 R  35,3  11,5   0:05.01 mem.bash
   8320 kules     20   0  147704 141380   3012 R  43,8  14,1   0:06.19 mem.bash
   8320 kules     20   0  175556 169240   3012 R  41,2  16,8   0:07.43 mem.bash
   8320 kules     20   0  205784 199336   3012 R  41,2  19,8   0:08.74 mem.bash
   8320 kules     20   0  234164 227848   3012 R  47,1  22,7   0:10.08 mem.bash
   8320 kules     20   0  264656 258340   3012 R  41,2  25,7   0:11.39 mem.bash
   8320 kules     20   0  293828 287348   2980 R  43,8  28,6   0:12.70 mem.bash
   8320 kules     20   0  324980 317756   2156 R  37,5  31,6   0:13.96 mem.bash
   8320 kules     20   0  359432 351472   1672 R  43,8  35,0   0:15.22 mem.bash
   8320 kules     20   0  392960 346948   1640 R  23,8  34,5   0:16.51 mem.bash
   8320 kules     20   0  421472 354708   1896 R  41,2  35,3   0:17.79 mem.bash
   8320 kules     20   0  451700 362160    692 R  18,2  36,0   0:19.14 mem.bash
   8320 kules     20   0  465692 375188      0 D   0,7  37,3   0:21.84 mem.bash
   8320 kules     20   0  525884 398836   1644 R  93,8  39,7   0:25.17 mem.bash
   8320 kules     20   0  596108 468916   1644 R  93,8  46,7   0:27.82 mem.bash
   8320 kules     20   0  663692 536628   1644 R  94,1  53,4   0:30.48 mem.bash
   8320 kules     20   0  732860 605652   1644 R  93,8  60,3   0:33.12 mem.bash
   8320 kules     20   0  798464 658908   1644 R  93,8  65,6   0:35.67 mem.bash
   8320 kules     20   0  860900 685828   1304 R  86,7  68,3   0:38.14 mem.bash
   8320 kules     20   0  887960 712340    748 R   2,9  70,9   0:39.58 mem.bash
   8320 kules     20   0  912776 736816    436 R   5,6  73,3   0:41.58 mem.bash
   8320 kules     20   0  928748 752308      0 D   4,1  74,9   0:44.67 mem.bash
